app/build/outputs/logs/manifest-merger-debug-report.txt
-- Merging decision tree log ---
manifest
ADDED from src\main\AndroidManifest.xml:2:1-31:12
	package
		ADDED from src\main\AndroidManifest.xml:3:5-38
		INJECTED from src\main\AndroidManifest.xml
		INJECTED from src\main\AndroidManifest.xml
	android:versionName
		ADDED from src\main\AndroidManifest.xml:5:5-30
		INJECTED from src\main\AndroidManifest.xml
		INJECTED from src\main\AndroidManifest.xml
	android:versionCode
		ADDED from src\main\AndroidManifest.xml:4:5-28
		INJECTED from src\main\AndroidManifest.xml
		INJECTED from src\main\AndroidManifest.xml
	xmlns:android
		ADDED from src\main\AndroidManifest.xml:2:11-69
uses-sdk
ADDED from src\main\AndroidManifest.xml:7:5-44
MERGED from [com.android.support:appcompat-v7:18.0.0] AndroidManifest.xml:18:5-42
	android:targetSdkVersion
		INJECTED from src\main\AndroidManifest.xml
		INJECTED from src\main\AndroidManifest.xml
	android:minSdkVersion
		ADDED from src\main\AndroidManifest.xml:7:15-41
		INJECTED from src\main\AndroidManifest.xml
		INJECTED from src\main\AndroidManifest.xml
application
ADDED from src\main\AndroidManifest.xml:9:5-29:19
MERGED from [com.android.support:appcompat-v7:18.0.0] AndroidManifest.xml:19:5-20
	android:label
		ADDED from src\main\AndroidManifest.xml:11:9-41
	android:icon
		ADDED from src\main\AndroidManifest.xml:10:9-45
activity#ca.ualberta.cs.sizebook.MainScreen
ADDED from src\main\AndroidManifest.xml:12:9-20:20
	android:label
		ADDED from src\main\AndroidManifest.xml:14:13-45
	android:name
		ADDED from src\main\AndroidManifest.xml:13:13-39
intent-filter#android.intent.action.MAIN+android.intent.category.LAUNCHER
ADDED from src\main\AndroidManifest.xml:15:13-19:29
action#android.intent.action.MAIN
ADDED from src\main\AndroidManifest.xml:16:17-69
	android:name
		ADDED from src\main\AndroidManifest.xml:16:25-66
category#android.intent.category.LAUNCHER
ADDED from src\main\AndroidManifest.xml:18:17-77
	android:name
		ADDED from src\main\AndroidManifest.xml:18:27-74
activity#ca.ualberta.cs.sizebook.EntryScreen
ADDED from src\main\AndroidManifest.xml:21:9-24:20
	android:label
		ADDED from src\main\AndroidManifest.xml:23:13-36
	android:name
		ADDED from src\main\AndroidManifest.xml:22:13-40
activity#ca.ualberta.cs.sizebook.EditScreen
ADDED from src\main\AndroidManifest.xml:25:9-28:20
	android:label
		ADDED from src\main\AndroidManifest.xml:27:13-46
	android:name
		ADDED from src\main\AndroidManifest.xml:26:13-39